C:\Users\rodrigo\Development\MyPGP\SIRS\serviceMypgpWin32\MypgpWin32\Debug\cl.command.1.tlog
C:\Users\rodrigo\Development\MyPGP\SIRS\serviceMypgpWin32\MypgpWin32\Debug\CL.read.1.tlog
C:\Users\rodrigo\Development\MyPGP\SIRS\serviceMypgpWin32\MypgpWin32\Debug\CL.write.1.tlog
C:\Users\rodrigo\Development\MyPGP\SIRS\serviceMypgpWin32\MypgpWin32\Debug\link.command.1.tlog
C:\Users\rodrigo\Development\MyPGP\SIRS\serviceMypgpWin32\MypgpWin32\Debug\link.read.1.tlog
C:\Users\rodrigo\Development\MyPGP\SIRS\serviceMypgpWin32\MypgpWin32\Debug\link.write.1.tlog
C:\Users\rodrigo\Development\MyPGP\SIRS\serviceMypgpWin32\MypgpWin32\Debug\link-cvtres.read.1.tlog
C:\Users\rodrigo\Development\MyPGP\SIRS\serviceMypgpWin32\MypgpWin32\Debug\link-cvtres.write.1.tlog
C:\Users\rodrigo\Development\MyPGP\SIRS\serviceMypgpWin32\MypgpWin32\Debug\mt.command.1.tlog
C:\Users\rodrigo\Development\MyPGP\SIRS\serviceMypgpWin32\MypgpWin32\Debug\mt.read.1.tlog
C:\Users\rodrigo\Development\MyPGP\SIRS\serviceMypgpWin32\MypgpWin32\Debug\mt.write.1.tlog
C:\USERS\RODRIGO\DEVELOPMENT\MYPGP\SIRS\SERVICEMYPGPWIN32\MYPGPWIN32\DEBUG\MYPGP.OBJ
C:\USERS\RODRIGO\DEVELOPMENT\MYPGP\SIRS\SERVICEMYPGPWIN32\MYPGPWIN32\DEBUG\MYPGPMODULE.OBJ
C:\USERS\RODRIGO\DEVELOPMENT\MYPGP\SIRS\SERVICEMYPGPWIN32\MYPGPWIN32\DEBUG\MYPGPWIN32.DLL
C:\USERS\RODRIGO\DEVELOPMENT\MYPGP\SIRS\SERVICEMYPGPWIN32\MYPGPWIN32\DEBUG\MYPGPWIN32.DLL.EMBED.MANIFEST
C:\USERS\RODRIGO\DEVELOPMENT\MYPGP\SIRS\SERVICEMYPGPWIN32\MYPGPWIN32\DEBUG\MYPGPWIN32.DLL.EMBED.MANIFEST.RES
C:\USERS\RODRIGO\DEVELOPMENT\MYPGP\SIRS\SERVICEMYPGPWIN32\MYPGPWIN32\DEBUG\MYPGPWIN32.DLL.INTERMEDIATE.MANIFEST
C:\Users\rodrigo\Development\MyPGP\SIRS\serviceMypgpWin32\MypgpWin32\Debug\MypgpWin32.exp
C:\USERS\RODRIGO\DEVELOPMENT\MYPGP\SIRS\SERVICEMYPGPWIN32\MYPGPWIN32\DEBUG\MYPGPWIN32.ILK
C:\Users\rodrigo\Development\MyPGP\SIRS\serviceMypgpWin32\MypgpWin32\Debug\MypgpWin32.lib
C:\USERS\RODRIGO\DEVELOPMENT\MYPGP\SIRS\SERVICEMYPGPWIN32\MYPGPWIN32\DEBUG\MYPGPWIN32.PDB
C:\Users\rodrigo\Development\MyPGP\SIRS\serviceMypgpWin32\MypgpWin32\Debug\MypgpWin32.write.1.tlog
C:\Users\rodrigo\Development\MyPGP\SIRS\serviceMypgpWin32\MypgpWin32\Debug\MypgpWin32_manifest.rc
C:\Users\rodrigo\Development\MyPGP\SIRS\serviceMypgpWin32\MypgpWin32\Debug\rc.command.1.tlog
C:\Users\rodrigo\Development\MyPGP\SIRS\serviceMypgpWin32\MypgpWin32\Debug\rc.read.1.tlog
C:\Users\rodrigo\Development\MyPGP\SIRS\serviceMypgpWin32\MypgpWin32\Debug\rc.write.1.tlog
C:\Users\rodrigo\Development\MyPGP\SIRS\serviceMypgpWin32\MypgpWin32\Debug\vc100.idb
C:\USERS\RODRIGO\DEVELOPMENT\MYPGP\SIRS\SERVICEMYPGPWIN32\MYPGPWIN32\DEBUG\VC100.PDB
