C:\USERS\RODRIGO\DEVELOPMENT\MYPGP\SIRS\SERVICEMYPGPWIN32\MYPGP\MYPGP_XPCOM\DEBUG\NSIACCOUNT.DLL
C:\Users\rodrigo\Development\MyPGP\SIRS\serviceMypgpWin32\MyPGP\MyPGP_XPCOM\Debug\nsIAccount.exp
C:\USERS\RODRIGO\DEVELOPMENT\MYPGP\SIRS\SERVICEMYPGPWIN32\MYPGP\MYPGP_XPCOM\DEBUG\NSIACCOUNT.ILK
C:\Users\rodrigo\Development\MyPGP\SIRS\serviceMypgpWin32\MyPGP\MyPGP_XPCOM\Debug\nsIAccount.lib
C:\USERS\RODRIGO\DEVELOPMENT\MYPGP\SIRS\SERVICEMYPGPWIN32\MYPGP\MYPGP_XPCOM\DEBUG\NSIACCOUNT.PDB
C:\Users\rodrigo\Development\MyPGP\SIRS\serviceMypgpWin32\MyPGP\MyPGP_XPCOM\nsIAccount\Debug\cl.command.1.tlog
C:\Users\rodrigo\Development\MyPGP\SIRS\serviceMypgpWin32\MyPGP\MyPGP_XPCOM\nsIAccount\Debug\CL.read.1.tlog
C:\Users\rodrigo\Development\MyPGP\SIRS\serviceMypgpWin32\MyPGP\MyPGP_XPCOM\nsIAccount\Debug\CL.write.1.tlog
C:\Users\rodrigo\Development\MyPGP\SIRS\serviceMypgpWin32\MyPGP\MyPGP_XPCOM\nsIAccount\Debug\custombuild.command.1.tlog
C:\Users\rodrigo\Development\MyPGP\SIRS\serviceMypgpWin32\MyPGP\MyPGP_XPCOM\nsIAccount\Debug\custombuild.read.1.tlog
C:\Users\rodrigo\Development\MyPGP\SIRS\serviceMypgpWin32\MyPGP\MyPGP_XPCOM\nsIAccount\Debug\custombuild.write.1.tlog
C:\Users\rodrigo\Development\MyPGP\SIRS\serviceMypgpWin32\MyPGP\MyPGP_XPCOM\nsIAccount\Debug\link.4792.read.1.tlog
C:\Users\rodrigo\Development\MyPGP\SIRS\serviceMypgpWin32\MyPGP\MyPGP_XPCOM\nsIAccount\Debug\link.4792.write.1.tlog
C:\Users\rodrigo\Development\MyPGP\SIRS\serviceMypgpWin32\MyPGP\MyPGP_XPCOM\nsIAccount\Debug\link.4792-cvtres.read.1.tlog
C:\Users\rodrigo\Development\MyPGP\SIRS\serviceMypgpWin32\MyPGP\MyPGP_XPCOM\nsIAccount\Debug\link.4792-cvtres.write.1.tlog
C:\Users\rodrigo\Development\MyPGP\SIRS\serviceMypgpWin32\MyPGP\MyPGP_XPCOM\nsIAccount\Debug\link.command.1.tlog
C:\Users\rodrigo\Development\MyPGP\SIRS\serviceMypgpWin32\MyPGP\MyPGP_XPCOM\nsIAccount\Debug\link.read.1.tlog
C:\Users\rodrigo\Development\MyPGP\SIRS\serviceMypgpWin32\MyPGP\MyPGP_XPCOM\nsIAccount\Debug\link.write.1.tlog
C:\Users\rodrigo\Development\MyPGP\SIRS\serviceMypgpWin32\MyPGP\MyPGP_XPCOM\nsIAccount\Debug\link-cvtres.read.1.tlog
C:\Users\rodrigo\Development\MyPGP\SIRS\serviceMypgpWin32\MyPGP\MyPGP_XPCOM\nsIAccount\Debug\link-cvtres.write.1.tlog
C:\Users\rodrigo\Development\MyPGP\SIRS\serviceMypgpWin32\MyPGP\MyPGP_XPCOM\nsIAccount\Debug\mt.command.1.tlog
C:\Users\rodrigo\Development\MyPGP\SIRS\serviceMypgpWin32\MyPGP\MyPGP_XPCOM\nsIAccount\Debug\mt.read.1.tlog
C:\Users\rodrigo\Development\MyPGP\SIRS\serviceMypgpWin32\MyPGP\MyPGP_XPCOM\nsIAccount\Debug\mt.write.1.tlog
C:\USERS\RODRIGO\DEVELOPMENT\MYPGP\SIRS\SERVICEMYPGPWIN32\MYPGP\MYPGP_XPCOM\NSIACCOUNT\DEBUG\NSIACCOUNT.DLL.EMBED.MANIFEST
C:\USERS\RODRIGO\DEVELOPMENT\MYPGP\SIRS\SERVICEMYPGPWIN32\MYPGP\MYPGP_XPCOM\NSIACCOUNT\DEBUG\NSIACCOUNT.DLL.EMBED.MANIFEST.RES
C:\USERS\RODRIGO\DEVELOPMENT\MYPGP\SIRS\SERVICEMYPGPWIN32\MYPGP\MYPGP_XPCOM\NSIACCOUNT\DEBUG\NSIACCOUNT.DLL.INTERMEDIATE.MANIFEST
C:\Users\rodrigo\Development\MyPGP\SIRS\serviceMypgpWin32\MyPGP\MyPGP_XPCOM\nsIAccount\Debug\nsIAccount.write.1.tlog
C:\Users\rodrigo\Development\MyPGP\SIRS\serviceMypgpWin32\MyPGP\MyPGP_XPCOM\nsIAccount\Debug\nsIAccount_manifest.rc
C:\USERS\RODRIGO\DEVELOPMENT\MYPGP\SIRS\SERVICEMYPGPWIN32\MYPGP\MYPGP_XPCOM\NSIACCOUNT\DEBUG\NSIACCOUNT-IMPL.OBJ
C:\USERS\RODRIGO\DEVELOPMENT\MYPGP\SIRS\SERVICEMYPGPWIN32\MYPGP\MYPGP_XPCOM\NSIACCOUNT\DEBUG\NSIACCOUNT-MODULE.OBJ
C:\Users\rodrigo\Development\MyPGP\SIRS\serviceMypgpWin32\MyPGP\MyPGP_XPCOM\nsIAccount\Debug\rc.command.1.tlog
C:\Users\rodrigo\Development\MyPGP\SIRS\serviceMypgpWin32\MyPGP\MyPGP_XPCOM\nsIAccount\Debug\rc.read.1.tlog
C:\Users\rodrigo\Development\MyPGP\SIRS\serviceMypgpWin32\MyPGP\MyPGP_XPCOM\nsIAccount\Debug\rc.write.1.tlog
C:\Users\rodrigo\Development\MyPGP\SIRS\serviceMypgpWin32\MyPGP\MyPGP_XPCOM\nsIAccount\Debug\vc100.idb
C:\USERS\RODRIGO\DEVELOPMENT\MYPGP\SIRS\SERVICEMYPGPWIN32\MYPGP\MYPGP_XPCOM\NSIACCOUNT\DEBUG\VC100.PDB
C:\USERS\RODRIGO\DEVELOPMENT\MYPGP\SIRS\SERVICEMYPGPWIN32\MYPGP\MYPGP_XPCOM\NSIACCOUNT\NSIACCOUNT.H
