Build started 01/12/2013 02:49:05.
     1>Project "C:\Users\rodrigo\Development\MyPGP\SIRS\serviceMypgpWin32\MyPGP\MyPGP_XPCOM\nsIAccountManager\nsIAccountManager.vcxproj" on node 2 (rebuild target(s)).
     1>_PrepareForClean:
         Deleting file "Debug\nsIAccountManager.lastbuildstate".
       InitializeBuildStatus:
         Touching "Debug\nsIAccountManager.unsuccessfulbuild".
       CustomBuild:
         Performing Custom Build Tools
       ClCompile:
         C:\Program Files (x86)\Microsoft Visual Studio 10.0\VC\bin\CL.exe /c /IC:\Users\rodrigo\Development\MyPGP\SIRS\serviceMypgpWin32\MyPGP\MyPGP_XPCOM\nsIAccount /I"D:\Projects\xulrunner-sdk\include\nspr" /I"D:\Projects\xulrunner-sdk\include" /ZI /nologo /W3 /WX- /Od /Oy- /D WIN32 /D _WINDOWS /D _USRDLL /D XP_WIN /D XP_WIN32 /D _WINDLL /D _UNICODE /D UNICODE /Gm /EHsc /RTC1 /MDd /GS /fp:precise /Zc:wchar_t /Zc:forScope /Fo"Debug\\" /Fd"Debug\vc100.pdb" /Gd /TP /analyze- /errorReport:prompt "nsIAccountManager-module.cpp" "nsIMypgpAccountManager-impl.cpp" -D_ITERATOR_DEBUG_LEVEL=0 
         nsIMypgpAccountManager-impl.cpp
     1>d:\projects\xulrunner-sdk\include\nserror.h(228): warning C4800: 'uint32_t' : forcing value to bool 'true' or 'false' (performance warning)
         nsIAccountManager-module.cpp
     1>d:\projects\xulrunner-sdk\include\nserror.h(228): warning C4800: 'uint32_t' : forcing value to bool 'true' or 'false' (performance warning)
         Generating Code...
       ManifestResourceCompile:
         C:\Program Files (x86)\Microsoft SDKs\Windows\v7.0A\bin\rc.exe /nologo /fo"Debug\nsIAccountManager.dll.embed.manifest.res" Debug\nsIAccountManager_manifest.rc 
       Link:
         C:\Program Files (x86)\Microsoft Visual Studio 10.0\VC\bin\link.exe /ERRORREPORT:PROMPT /OUT:"C:\Users\rodrigo\Development\MyPGP\SIRS\serviceMypgpWin32\MyPGP\MyPGP_XPCOM\Debug\nsIAccountManager.dll" /INCREMENTAL /NOLOGO /LIBPATH:"D:\Projects\xulrunner-sdk\lib" xul.lib mozalloc.lib xpcomglue_s.lib kernel32.lib user32.lib gdi32.lib winspool.lib comdlg32.lib advapi32.lib shell32.lib ole32.lib oleaut32.lib uuid.lib odbc32.lib odbccp32.lib /MANIFEST /ManifestFile:"Debug\nsIAccountManager.dll.intermediate.manifest" /MANIFESTUAC:"level='asInvoker' uiAccess='false'" /DEBUG /PDB:"C:\Users\rodrigo\Development\MyPGP\SIRS\serviceMypgpWin32\MyPGP\MyPGP_XPCOM\Debug\nsIAccountManager.pdb" /SUBSYSTEM:WINDOWS /TLBID:1 /DYNAMICBASE /NXCOMPAT /IMPLIB:"C:\Users\rodrigo\Development\MyPGP\SIRS\serviceMypgpWin32\MyPGP\MyPGP_XPCOM\Debug\nsIAccountManager.lib" /MACHINE:X86 /DLL Debug\nsIAccountManager.dll.embed.manifest.res
         "Debug\nsIAccountManager-module.obj"
         "Debug\nsIMypgpAccountManager-impl.obj"
            Creating library C:\Users\rodrigo\Development\MyPGP\SIRS\serviceMypgpWin32\MyPGP\MyPGP_XPCOM\Debug\nsIAccountManager.lib and object C:\Users\rodrigo\Development\MyPGP\SIRS\serviceMypgpWin32\MyPGP\MyPGP_XPCOM\Debug\nsIAccountManager.exp
     1>xpcomglue_s.lib(nsISupportsImpl.obj) : warning LNK4099: PDB 'generated.pdb' was not found with 'xpcomglue_s.lib(nsISupportsImpl.obj)' or at 'C:\Users\rodrigo\Development\MyPGP\SIRS\serviceMypgpWin32\MyPGP\MyPGP_XPCOM\Debug\generated.pdb'; linking object as if no debug info
       Manifest:
         Deleting file "Debug\nsIAccountManager.dll.embed.manifest".
         C:\Program Files (x86)\Microsoft SDKs\Windows\v7.0A\bin\mt.exe /nologo /verbose /out:"Debug\nsIAccountManager.dll.embed.manifest" /manifest Debug\nsIAccountManager.dll.intermediate.manifest
         C:\Program Files (x86)\Microsoft SDKs\Windows\v7.0A\bin\rc.exe /nologo /fo"Debug\nsIAccountManager.dll.embed.manifest.res" Debug\nsIAccountManager_manifest.rc 
       LinkEmbedManifest:
         C:\Program Files (x86)\Microsoft Visual Studio 10.0\VC\bin\link.exe /ERRORREPORT:PROMPT /OUT:"C:\Users\rodrigo\Development\MyPGP\SIRS\serviceMypgpWin32\MyPGP\MyPGP_XPCOM\Debug\nsIAccountManager.dll" /INCREMENTAL /NOLOGO /LIBPATH:"D:\Projects\xulrunner-sdk\lib" xul.lib mozalloc.lib xpcomglue_s.lib kernel32.lib user32.lib gdi32.lib winspool.lib comdlg32.lib advapi32.lib shell32.lib ole32.lib oleaut32.lib uuid.lib odbc32.lib odbccp32.lib /MANIFEST /ManifestFile:"Debug\nsIAccountManager.dll.intermediate.manifest" /MANIFESTUAC:"level='asInvoker' uiAccess='false'" /DEBUG /PDB:"C:\Users\rodrigo\Development\MyPGP\SIRS\serviceMypgpWin32\MyPGP\MyPGP_XPCOM\Debug\nsIAccountManager.pdb" /SUBSYSTEM:WINDOWS /TLBID:1 /DYNAMICBASE /NXCOMPAT /IMPLIB:"C:\Users\rodrigo\Development\MyPGP\SIRS\serviceMypgpWin32\MyPGP\MyPGP_XPCOM\Debug\nsIAccountManager.lib" /MACHINE:X86 /DLL Debug\nsIAccountManager.dll.embed.manifest.res
         "Debug\nsIAccountManager-module.obj"
         "Debug\nsIMypgpAccountManager-impl.obj"
            Creating library C:\Users\rodrigo\Development\MyPGP\SIRS\serviceMypgpWin32\MyPGP\MyPGP_XPCOM\Debug\nsIAccountManager.lib and object C:\Users\rodrigo\Development\MyPGP\SIRS\serviceMypgpWin32\MyPGP\MyPGP_XPCOM\Debug\nsIAccountManager.exp
     1>xpcomglue_s.lib(nsISupportsImpl.obj) : warning LNK4099: PDB 'generated.pdb' was not found with 'xpcomglue_s.lib(nsISupportsImpl.obj)' or at 'C:\Users\rodrigo\Development\MyPGP\SIRS\serviceMypgpWin32\MyPGP\MyPGP_XPCOM\Debug\generated.pdb'; linking object as if no debug info
         nsIAccountManager.vcxproj -> C:\Users\rodrigo\Development\MyPGP\SIRS\serviceMypgpWin32\MyPGP\MyPGP_XPCOM\Debug\nsIAccountManager.dll
       FinalizeBuildStatus:
         Deleting file "Debug\nsIAccountManager.unsuccessfulbuild".
         Touching "Debug\nsIAccountManager.lastbuildstate".
     1>Done Building Project "C:\Users\rodrigo\Development\MyPGP\SIRS\serviceMypgpWin32\MyPGP\MyPGP_XPCOM\nsIAccountManager\nsIAccountManager.vcxproj" (rebuild target(s)).

Build succeeded.

Time Elapsed 00:00:02.76
